nvram show
wl0_scb_activity_time=0
wan2_dns=
wlan_acl_dev24=
wla_temp_wep_length_2=0
wl_radius_port=1812
wlg_wds_mode=1
ap_mode_cur=1
x_broker_port=443
wl1_wme=auto
wlan_acl_dev25=
gui_check_enable=1
connect_event_file=event_file
wan_unit=0
wlan_acl_dev26=
wla_ssid_2=NETGEAR_EXT
wl1_auth=2
wlan_acl_dev27=
wla_ssid_3=
wl0_wmf_bss_enable=0
wan0_primary=1
cur_opmode2=300Mbps
lan2_lease=86400
wan_route=
wlan_acl_dev28=
wla_temp_ssid=
wla_ssid_4=
as_genie=0
wl0_rifs_advert=auto
wl0_mcast_regen_bss_enable=1
x_claimed_url=https://registration.ngxcld.com/registration/status
pppoe2_keepalive=0
wlan_acl_dev29=
wla_region=5
wl_txstreams=0
bs_trustedip=192.168.1.0
wl0_frameburst=on
wan_pppoe_keepalive=1
wlg_ssid_2=NETGEAR_5GEXT
wla_wmm_advert_2=1
wl_rxchain_pwrsave_pps=10
bs_keywords=
potValue=4320
wla_repeater=0
auto_enable=1
wan0_ipaddr=0.0.0.0
log_ipaddr=
wlg_wep_length=0
wla_wmm_advert_3=1
bs_enable=0
sel_region=0
wan0_proto=dhcp
sb/1/rxgains2gtrisoa0=5
boardrev=0x1101
wan2_gateway=0.0.0.0
wla_wmm_advert_4=1
wl0_lrl=15
sb/1/rxgains2gtrisoa1=5
wlg_band=2.4G
x_register_url=https://registration.ngxcld.com/registration/register
pre_lan_ipaddr=172.14.1.1
wan0_dns_sel=0
BD2_MTD_WR=/dev/mtd8
wla_temp_auth_type=automatic
wl_nctrlsb=none
wps_pin_disabled=1
x_agent_registered=1
wl_version=9.10.178.4002 (r623328)
dual_band=1
gui_Internet_state=0
wla_temp_key1=
ddns_enable=0
wl0_leddc=0x640000
et0macaddr=08:02:8e:ff:75:4e
switch_mode_auto=0x1f
wla_temp_key2=
wla_temp_passphrase=
wiz_dhcp_wait_time=5
acsd_msg_host=127.0.0.1
pppoe2_east_username=guest@flets
pppoe2_bs_keyword=
wla_temp_key3=
traffic_enable=0
wps_delay_deauth_ms=50
wan_pppoe_passwd=
wl0_akm=psk2
bootpartition=0
POT2_MTD_RD=/dev/mtdblock10
wla_temp_key4=
wl_maxassoc=128
wl0_radarthrs=0 0x6a8 0x6c8 0x6ac 0x6c7
wan0_dns=
watchdog=0
boot_wait=off
sb/1/temps_period=5
wla_sec_profile_enable_2=1
wla_temp_key4_2=
wl_phytypes=
wl_leddc=0x640000
wps_modelname=VMB4000
pptp_idletime=5
wla_sec_profile_enable_3=0
traffic_restart_hour=00
pppoe_localnetmask=...
gui_Wireless_Radio_state=none
wl0_infra=1
vz_update_url=https://updates.netgear.com/arlo/fw/vms4x30/production
wl0_country_code=E0
sb/1/gainctrlsph=0
et0mdcport=0
fw_disable=0
pppoe_tmp_mtu=1454
wla_sec_profile_enable_4=0
wl1_wep=disabled
gpio_wps_triggered=0
wps_aplockdown_ageout=31536000
emf_rtport_entry=
lm48560_shutdown=0x3
wps_config_command=0
wl1_frag=2346
ddns_wildcard=0
wla_wds_ptp_mac=
wl1_nbw_cap=1
wl_infra=1
rip_multicast=1
wlg_repeater=0
ed_thresh2g=-50
wl0_txbf_virtif_disable=1
reset_gpio=13
run_test=0
wl_chanspec=0
single_firmware_en=1
pmon_ver=CFE 9.10.178.4002 (r623328)
wlan_acl_dev30=
wl_stbc_tx=auto
wl0_bcn_rotate=1
first_wan_status=0
sb/1/ofdmlrbw202gpo=0x0022
sb/1/papdcap2g=0
wlan_acl_dev31=
restore_defaults=0
wps_success_mode=4
wan0_ifname=eth2
wlan_acl_dev32=
wlan_acl_dev33=
wl0.1_hwaddr=0A:02:8E:FF:75:4F
wl1.1_auth=2
lan2_hwaddr=
wlan_acl_dev34=
wlg_wds_pmp_mac=
wl0_nctrlsb=none
wan_lease=600 
wlan_acl_dev35=
wlg_passphrase=
wla_temp_sec_profile_enable_2=
str_tbl_non_en_tag=
wl0_wme_sta_be=15 1023 3 0 0 off off
sb/1/swctrlmapext_2g=0x00000000,0x00000000,0x00000000,0x000000,0x000
wlan_acl_dev36=
wla_temp_sec_profile_enable_3=
wl_wme_apsd=on
usb_wan_ftp_port=21
str_tbl_non_en_ver=0.0.0.0
activeuser_ip=
wl0_version=9.10.178.4002 (r623328)
sb/1/sromrev=11
http_wanport=
wlan_acl_dev37=
wlg_channel=44
wla_temp_sec_profile_enable_4=
wl_radius_ipaddr=
ddns_hostname=
bs_trustedip_temp=192.168.1.0
wl0_psr_mrpt=1
lan_gateway=172.14.1.1
lan2_dns=0.0.0.0
wan2_netmask=0.0.0.0
wlan_acl_dev38=
BD_MTD_RD=/dev/mtdblock7
wlan_acl_dev39=
wla_key3_2=
upnp_DHCPServerConfigurable=1
qos_rule_count=-1
wl0_ifname=eth1
lan_domain=
pppoe2_bs_enable=0
wan2_lease=86400
wla_key3_3=
ntpc_cal_data=10042 -1676780
wl1.1_macmode=disabled
timer_interval=43200
wl1_psr_mrpt=1
lan2_ifnames=
wla_key3_4=
wl0_wme_sta_bk=15 1023 7 0 0 off off
wlg_temp_mode=300Mbps
lan1_ipaddr=192.168.2.1
wlg_temp_secu_type=None
wlg_key3_2=
wl_net_reauth=36000
pptp_username=
wl_same_sec=1
wl0_rxchain_pwrsave_quiet_time=1800
POT_MTD_RD=/dev/mtdblock9
wla_temp_enable=enable_ap
wl_radio_pwrsave_on_time=50
wl0_rxstreams=0
upnp_advert_period=30
wlg_wds_ptp_sta=1
second_wan_status=0
wan_pppoe_mru=1492
sb/1/cckbw202gpo=0x0000
partialboots=0
wl0.1_wps_mode=disabled
image_size=45056
lan_route=
wl0_radio_pwrsave_level=0
wl1_channel=0
schedule_daylightadjust=0
wps_device_pin=54971714
fw_email_email_enable=0
wl0_mrate=0
wl0_mode=ap
wan_gateway=10.20.30.1
wla_secu_type=WPA2-PSK
wps_lan_led=0
gui_GuestNetwork_sec_profile=none
wan2_dns1=
dhcp_start=172.14.1.100
wl1_nmode=-1
wan_hwaddr_sel=0
wl0_stbc_tx=auto
wl0_ap_isolate=1
sku_name=GR
lan1_route=
pppoe2_bs_keywords=
usb_wan_ftp_enable=0
x_advisor_url=https://advisor.ngxcld.com/advisor/direct
sb/1/tempthresh=120
ntp_update_interval=43200
dhcp_end=172.14.1.254
wl_mrate=0
wl_msglevel=0x101
traffic_warning_state=0
connect_status=0
wl0_rxchain_pwrsave_pps=10
sb/1/ofdmfilttype_2gbe=127
wla_temp_ssid_2=
wl_wmf_bss_enable=0
wl_akm=psk2
show_firmware_info=0
ap_mode_pre=1
sromrev=11
UART_passwd=MNezCqaCs6z8TjZVf1X4Cg==
wlg_temp_auth_type=automatic
wlg_temp_passphrase_2=
wla_temp_ssid_3=
qos_l7_apps=5:3 6:3 3:0 2:0 4:0 1:0
wl0_gmode=GMODE_AUTO
wl0_ampdu=auto
wl0_wme_no_ack=off
wfi_error=
wl1_rts=2347
wla_allow_access_2=1
wlg_temp_key1_2=
wla_temp_ssid_4=
x_agent_id=CSTYXBN-1690-316-47062328
wl0_srl=15
wla_temp_region=5
wla_allow_access_3=0
wla_wds_enable=0
boardtype=0x0781
pppoe2_mtu=1454
pppoe2_demand=0
wla_allow_access_4=0
pptp_passwd=
is_default=1
wlg_temp_ssid=
wla_autochannel=enable
wl_wme_bss_disable=0
wl_ampdu_rr_rtylimit_tid=2 2 2 2 2 2 2 2
wl_obss_coex=0
lm48560_frequency=0x3F
lan2_dhcp=0
ctf_disable=0
wl_gmode=GMODE_AUTO
wl_ampdu=auto
wps_uuid=0xf79c25bdaee7abbe3ae3a2e054859d19
wl0_nband=2
siren_timestamp=1526389954653
wps_start=none
wl0_wme_txp_ba=15 3 15 2 0
stats_server=
wlan_acl_dev40=
traffic_cntime_monthly_limit=
et_swleds=0
wlan_acl_dev41=
wla_auth_type=automatic
sta_band=2.4G
wan0_dns1=
wlan_acl_dev42=
bs_enable_temp=0
ver_check_ftp_password=WN2500RP@
wl0_nreqd=0
lan_netmask=255.255.255.0
wlan_acl_dev43=
ver_check_enable=1
wl0_wme_txp_be=7 3 6 2 0
lan1_ifname=
wlan_acl_dev44=
wl_nband=2
wl0_dtim=33
wl0_ssid=NTGR_VMB_1526289002
lan1_hwnames=
pppoe2_west_passwd=flets
wlan_acl_dev45=
http_username=admin
wl_wme_sta_vi=7 15 2 6016 3008 off off
LangTagChinese=0
wan_ipaddr_old=0.0.0.0
wlan_acl_dev46=
super_passwd=Geardog
wla_ap_isolate=1
sb/1/pdoffset2g20in20a0=0
wlan_acl_dev47=
wlg_temp_key1=
wl_nreqd=0
wl_wme_ap_be=15 63 3 0 0 off off
usb_umount=0
x_agent_claimed=1
wps_pinfail_state=
access_mac_record=
sb/1/pdoffset2g20in20a1=0
os_date=May 10 2018
pppoe_tmp_servicename=
wlan_acl_dev48=
wlg_temp_key2=
http_rmenable=1
pptp_serv_ip=10.0.0.138
ap_band=2.4G
wl0_dfs_preism=60
wla_wps_tmp_lock_flag=0
sb/1/regrev=853
wlan_acl_dev49=
wlg_temp_key3=
wla_passphrase_backup=
http_lanport=8080
wlg_temp_key4=
wl0_wme_txp_bk=7 3 6 2 0
wl_plcphdr=auto
wl_wme_sta_vo=3 7 2 3264 1504 off off
wl1.1_bss_enabled=0
lan1_wins=
wl_macmode=disabled
wl_mimo_preamble=
wan_hwaddr2=08:02:8E:FF:75:4F
rc_wait_seconds=0
wan_hwname=
wan_domain=esc.iot
wlan_acl_dev0=
wl_wme_ap_bk=15 1023 7 0 0 off off
lan_lease=2592000
wan_netmask=255.255.255.0
wlan_acl_dev1=
wl_phytype=n
wla_crypto=aes
acsd_msg_port=4006
wl0_key1=
wan0_hostname=
sb/1/dot11agofdmhrbw202gpo=0x8644
wlan_acl_dev2=
wlg_mode=300Mbps
wl_lazywds=0
wl0_key2=
wl0_vlan_prio_mode=off
cur_opmode=130Mbps
wlan_acl_dev3=
wl_dfs_postism=60
ht40_2g_psr=0
lm48560_gain=0x3
wl0_key3=
wl0.2_hwaddr=0A:02:8E:FF:75:4C
wl0.1_maclist=
wlan_acl_dev4=
wlan_acl_mac0=
wl_mcast_regen_bss_enable=1
traffic_restart_min=00
wl0_key4=
wlan_acl_dev5=
wlan_acl_mac1=
wla_temp_broadcast=ssid_24G_bc
wlg_crypto=aes
need_set_lang=1
gui_Wireless_Security_state=none
acsd_follow_threshold=-40
lan1_lease=86400
pppoe2_bs_keywords_temp=
wlan_acl_dev6=
wlan_acl_mac2=
need_to_load_wireless=0
wlan_acl_dev7=
wlan_acl_mac3=
wla_auth_type_2=automatic
wl_auth_mode=none
pptp_conn_id=
inbound_record=
wps_pairing_auth=NTGRDEV
hci_mods=ehci-hcd ohci-hcd
wan2_hostname=
wlan_acl_dev8=
wlan_acl_mac4=
wla_auth_type_3=automatic
wlan_acl_dev9=
wlan_acl_mac5=
wla_auth_type_4=automatic
NVRAM_MTD_RD=/dev/mtdblock1
pppoe2_flag_Smin=0
wlan_acl_mac6=
rpt_default_state=0
wlan_acl_mac7=
wlan_acl_mac8=
http_passwd=password
wl_wpa_psk=55B6BAA31C58FA339E32BE25AE332BF1EA1F09F0D0FE5A620A7EE5D650B7B7E3EBB2F385656D4DA757DC924F1D88AD6C3392E12066A6F9C9C902E1CF90D9B70200000000000000000000000000000000
wl_rpcq_rxthresh=512
http_rmstartip=0.0.0.0
bpa_passwd=
wl0_rxchain_pwrsave_enable=1
wl0_hw_rxchain=3
x_claim_check=86400
lan2_ipaddr=192.168.3.1
wlan_acl_mac9=
lan_stp=1
lan2_proto=dhcp
wla_temp_key3_2=
psr_mac_prefix=00:0f:b5:00:00:00
wl0_wme_ap_vi=7 15 1 6016 3008 off off
pppoe_acname=
wl_mode=ap
usb_wan_http_port=80
wl0_bss_maxassoc=128
wl0_mfp=1
wl0_ampdu_mpdu=8
pppoe_tmp_idletime=300
wan_dns1=
lang_check_ftp_svr=updates1.netgear.com
link_status2=0
sb/1/cckbw20ul2gpo=0x0000
wlan_acl_dev50=
wlan_acl_mac10=
static_pptp_enable=0
wl0_plcphdr=auto
wlan_acl_dev51=
wlan_acl_mac11=
wlg_ssid=NETGEAR_DF_5G_465
wlg_temp_defaKey=0
wl0_closed=0
smb_enable=1
wl0_rate=0
wl0_tpc_db=0
wps_randomssid=
wl0_macmode=disabled
xtalfreq=40000
wlan_acl_dev52=
wlan_acl_mac12=
wla_temp_setting=0
wl_wpa_gtk_rekey=0
wps_version2=disabled
pause_wan_lan_conflict=0
i2c_scl_gpio=21
wlan_acl_dev53=
wlan_acl_mac13=
wl0_radioids=BCM170
wl0_wme_ap_vo=3 7 1 3264 1504 off off
wan0_bpa_minheartbeat=2
wlanrestart_now=0
pppoe_tmp_localip=0.0.0.0
dhcp2_end=192.168.3.200
wlan_acl_dev54=
wlan_acl_mac14=
wl_wme_txp_vi=7 3 4 2 0
new_firmware_available=0
wl0_phytype=v
vz_log_level=DEBUG
nvram_space=65536
wan2_ipaddr=0.0.0.0
wlan_acl_dev55=
wlan_acl_mac15=
wlg_allow_access_2=1
change_ether_port=0
wl0_lazywds=0
wlan_acl_dev56=
wlan_acl_mac16=
wps_lock_forever_cnt=3
fw_email_email_alert=0
wl0_rpt_wlanstate1=Enable
wlan_acl_dev57=
wlan_acl_mac17=
lang_check_config_file_name=stringtable.txt
eth_bind_band=2.4G
wl0_rpt_wlanstate2=Disable
wps_proc_status=0
boardflags2=0x81000
pppoe2_tmp1=
wlan_acl_dev58=
wlan_acl_mac18=
sb/1/aa2g=3
boardflags3=0x40000182
pppoe2_fw_bks_block_type=0
pppoe2_tmp2=
wlan_acl_dev59=
wlan_acl_mac19=
wl1_nctrlsb=lower
BD2_MTD_RD=/dev/mtdblock8
sb/1/txchain=3
pppoe2_tmp3=
wlg_secu_type=None
wlg_key1=
wl_wme_txp_vo=7 3 4 2 0
wl0_afterburner=off
wps_sta_mac=08:02:8E:FD:BD:CD
lan_hwaddr=08:02:8E:FF:75:4E
wlg_key2=
wl_wds_timeout=1
wps_aplockdown_duration=31536000
fwpt_count=0
nat_inbound_filtering=1
wl0_antdiv=-1
sb/1/tworangetssi2g=0
wan_dns=130.223.8.20 130.223.4.5 
pppoe_flet_type=0
wlg_key3=
wl_wps_mode=enabled
fw_spi_enab=1
dpsta_ifnames=
wps_success_mode_2=0
wlg_key4=
wla_preamble=auto
password_answer1=
board_id=U12H348T00_NETGEAR
0:regrev=853
wla_key2_2=
pptp_dod=1
lang_check_config_file_dir=stringtables
password_answer2=
cfe_version=v1.0.4
wl_ssid=NTGR_VMB_1526289002
wlg_sec_profile_enable_2=1
wlg_temp_wep_length_2=0
wla_key2_3=
wl_dtim=33
ap_band_cur=2.4G
wan_pppoe_mtu=1492
wl0_wpa_psk=55B6BAA31C58FA339E32BE25AE332BF1EA1F09F0D0FE5A620A7EE5D650B7B7E3EBB2F385656D4DA757DC924F1D88AD6C3392E12066A6F9C9C902E1CF90D9B70200000000000000000000000000000000
wla_temp_defaKey_2=0
wla_key2_4=
wl_radarthrs=0 0x6a8 0x6c8 0x6ac 0x6c7
lan_wps_oob=disabled
smb_group_name=Workgroup
supported_languages=English
x_handler_1002=127.0.0.1:4001
wait_time=3
lan2_ifname=br2
bpa_idletime=5
schedule_config=127:0:0:23:59
GPIO_POWER_GREEN=3
wla_wme=1
wlg_key2_2=
bpa_server_temp=
potMaxValue=4320
dhcp_mode=manual
wlg_rts=2347
wl0_amsdu=auto
wla_preset_ssid=NTGR_VMB_1526289002
wlg_temp_key4_2=
wl0_country_rev=853
pppoe_tmp_username=guest
dhcp_wins=
os_server=
wlg_auth_type=automatic
wl1_radarthrs=1 0x6ac 0x6dc 0x6bc 0x6ec 0x6ac 0x6dc 0x6bc 0x6ec 
wla_mode=145Mbps
wan_bpa_minheartbeat=2
sb/1/epagain2g=0
wan_proto=dhcp
wl_key1=
wl_amsdu=auto
lan_wps_reg=enabled
bs_keyword=
ver_check_config_file=fileinfo.txt
str_tbl_en_ver=1.0.1.28_2.1.9.1
last_boot_ntp_date=051400002018
wla_defaKey=0
wl_key2=
wlg_wds_ptp_mac=
ledbh1=0
wla_temp_defaKey=0
wl_key3=
ledbh2=0
wl0_unit=0
dhcp_serv_ip=10.20.30.1 
wan0_mtu=1500
wan2_ifname=eth0
wl_country_code=E0
wl_key4=
all_service_tbl=
tftp_serv_ipaddr=192.168.1.2
wlg_temp_broadcast=ssid_5G_bc
wl_hwaddr=
wan2_proto=dhcp
pppoe2_flag_Emin=0
wl_rxchain=3
wl0.3_hwaddr=0A:02:8E:FF:75:4D
wl0_ampdu_rts=0
str_tbl_en=1
wl0_bss_enabled=1
wl0_net_reauth=36000
wan0_bpa_localport=5050
sb/1/boardflags2=0x0
wlan_acl_dev60=
wlan_acl_mac20=
wlg_preamble=auto
wl_vlan_prio_mode=off
wl0_nmode=-1
sb/1/swctrlmap_2g=0x00000505,0x0a0a0000,0x02020000,0x0,0x3ff
sb/1/boardflags3=0x40000182
lan1_stp=1
wlan_acl_dev61=
wlan_acl_mac21=
UART_username=0uWAcKrAwElsdekujfbELA==
wla_temp_crypto=aes
wps_timeout_enable=0
wla_preset_passphrase=55B6BAA31C58FA339E32BE25AE332BF1EA1F09F0D0FE5A620A7EE5D650B7B7E3EBB2F385656D4DA757DC924F1D88AD6C3392E12066A6F9C9C902E1CF90D9B70200000000000000000000000000000000
wlan_acl_dev62=
wlan_acl_mac22=
wan_pppoe_idletime=300
wlan_acl_dev63=
wlan_acl_mac23=
wl_rifs_advert=auto
pppoe_switch=1
sku_lang=German
wlan_acl_mac24=
wl1_country_rev=853
sb/1/cckdigfilttype=5
wlan_acl_mac25=
bpa_dod=1
traffic_volume_ctrl_dir=0
wps_restart=0
sb/1/swctrlmapext_5g=0x00000000,0x00000000,0x00000000,0x000000,0x000
wlan_acl_mac26=
wlg_temp_channel=44
wl_nmode=-1
wla_wds_pmp_sta=1
siren_duration=86400
lan1_gateway=192.168.2.1
wlan_acl_mac27=
wps_lock_start_cnt=3
fw_bks_block_type=0
wlan_acl_mac28=
wlg_temp_allow_access_2=
bpa_username=
lan2_hwnames=
wlan_acl_mac29=
wla_ssid=NTGR_VMB_1526289002
wl_rxstreams=0
wl_wps_reg=enabled
wl0_wds=
NVRAM2_MTD_WR=/dev/mtd6
wla_temp_auth_type_2=automatic
wlg_passphrase_2=
upnp_portmap_entry=0
ap_mode=1
wl0_bss_grant_arp=1
wl_rate=0
gui_region=English
wan0_gateway=0.0.0.0
0:ccode=E0
sb/1/tssiposslope2g=1
skew_thresh_us=1000000
log_level=0
telnetd_enable=0
timestamp_of_last_recovery=
wfi_cmd=
ntp_server=192.5.41.40 192.5.41.41 133.100.9.2
wl1_closed=0
pptp_user_netmask=...
wl0_reg_mode=h
wan_hwaddr=08:02:8E:FF:75:4F
wps_mfstring=NETGEAR, Inc.
wl1_reg_mode=off
wl1_akm=
lan_ifnames=vlan1 eth1
lan_dns=0.0.0.0
pppoe2_filter_rule_tbl=
wl0_wme=on
wl0_auth=2
wla_key1=
wps_ifname=all
usb_wan_ftp_pasv_port_end=30050
wl0_radius_port=1812
wan0_bpa_maxheartbeat=20
image_first_offset=2097152
pppoe_policy_num=0
dhcp2_start=192.168.3.128
wla_key2=
wla_secu_type_2=None
wl_rxchain_pwrsave_quiet_time=1800
wl1_radio=1
wla_key3=
wla_secu_type_3=None
wlg_wds_enable=0
traffic_restart_ampm=0
wl0_rxchain=3
wl0_wme_bss_disable=0
wl0_radius_ipaddr=
wla_key4=
wla_temp_ssid_bc_2=
wla_secu_type_4=None
wl_radio_pwrsave_pps=10
vz_server_url=https://arlo-device.messaging.netgear.com
ure_disable=1
wlan_acl_num=64
wl_rpt_wlanstate1=Enable
wlg_temp_ssid_2=
wla_temp_ssid_bc_3=
wl_country=GB
traffic_control_type=0
wl0_wme_sta_vi=7 15 2 6016 3008 off off
sb/1/femctrl=15
wan2_dns_sel=0
wl_rpt_wlanstate2=Disable
wla_temp_ssid_bc_4=
wl1.1_wps_mode=disabled
sb/1/boardflags=0x1110
ver_check_ftp_svr1=updates1.netgear.com
wan_pppoe_username=guest
wl_dispatch_mode=1
ver_check_ftp_svr2=updates1.netgear.com
rootap_assoc2=0
sb/1/leddc=0xFFFF
wlg_temp_defaKey_2=0
ver_check_ftp_svr3=updates1.netgear.com
gui_AttachedDevices_num=0
GPIO_RESET_BUTTON=13
image_second_offset=48234496
wan_ifnames=eth2
wan0_domain=
wan0_hwname=
sb/1/tempoffset=0
pppoe_wan_dns1=
wl_rateset=12
wl_crypto=aes
http_timeout=5
wl0_wme_sta_vo=3 7 2 3264 1504 off off
wl1_ap_isolate=0
wla_channel=0
pppoe2_temp_type=4
wla_temp_channel=0
pppoe_max_echo_fail=3
pppoe2_east_passwd=guest
wan2_wins=
wlan_acl_mac30=
link_status=0
success_page_hijack=0
wl0_wps_reg=enabled
wlan_acl_mac31=
wla_temp_key2_2=
pptp_user_ip=...
rootap_linkrate=0
vz_mcs_url=https://mcs.netgear.com?r=
lan_ipaddr=172.14.1.1
clkfreq=900,392
os_name=linux
skew_cal_timer=3600
lan_proto=dhcp
dhcp_resrv_mac=
wlan_acl_mac32=
wla_defaKey_2=0
wl_radius_key=
disable_acsd=0
vlan1hwname=et0
wl_psr_mrpt=1
lan1_netmask=255.255.255.0
wlan_acl_mac33=
wla_passphrase_2=
wla_defaKey_3=0
wl_rxchain_pwrsave_enable=1
ver_type=WW
wl0_maxassoc=128
pppoe2_servicename=
wlan_acl_mac34=
wla_passphrase_3=
wla_defaKey_4=0
wl0_radio_pwrsave_on_time=50
wan0_route=
wl1_plcphdr=auto
wlan_acl_mac35=
wla_passphrase_4=
wl_unit=0
wan0_hwaddr2=08:02:8E:FF:75:4F
wlan_acl_mac36=
ddns_last_ip=0.0.0.0
qos_port=
wl0_phytypes=v
wl0_frag=2346
wl0_wep=
router_disable=0
lan1_proto=dhcp
wlan_acl_mac37=
wl_nmode_protection=auto
wps_sta_pin=00000000
wan_bpa_maxheartbeat=20
wan0_netmask=0.0.0.0
wl0.1_closed=0
wlan_acl_mac38=
wla_rts=2347
ddns_username=
wlan_acl_mac39=
wl_radio_pwrsave_enable=0
http_rmport=80
ddns_passwd=
sb/1/rxgains2gtrelnabypa0=1
ver_check_ftp_username=anonymous
need_set_region=1
eu_edthresh2g=-69
sb/1/rxgains2gtrelnabypa1=1
sdram_config=0x01c6
wl0_rifs=
timesync_enable=1
wl1.1_closed=0
logo_enable=1
wl0_country=GB
wan0_wins=
sb/1/temps_hysteresis=5
vlan1ports=2 5u
pppoe2_idletime=300
dmz_ipaddr=192.168.1.0
wl0_chanspec=0
wl_txq_thresh=1024
wl_wds=
wps_pinfail=0
bpa_status=0
traffic_round_up_volume=0
x_discovery_url=https://presence.ngxcld.com/presence/presence
dhcp_resrv_ip=
wl1_mode=sta
wps_aplockdown_count=3
wps_randomkey=
wl0_rateset=12
pppoe_servicename=
pppoe2_acname=
wlg_auth_type_2=automatic
wl0_ampdu_rr_rtylimit_tid=2 2 2 2 2 2 2 2
wl1.1_maclist=
wla_key1_2=
usb_disk_max_part=15
sb/1/macaddr=08:02:8E:FF:75:4E
wla_key1_3=
wl0_wme_apsd=on
wl0_wme_txp_vi=7 3 6 2 0
sb/1/ccode=E0
sb/1/olpc_thresh2g=7
pppoe2_west_username=flets@flets
wla_key1_4=
siren_trigger=manual
wl_wme=on
wiz_pppoe_wait_time=5
wl0_txstreams=0
wlg_key1_2=
system_name=VMB4000
rip_enable=0
dpsta_lan_uif=0
lan_ifname=eth1
wan_primary=0
wl_wme_ap_vi=7 15 1 6016 3008 off off
psr_alias_oui_0=02:0F:B5:00:00:00
boardflags=0x1110
dhcp_ser_status=enable
fw_rsp_ping=0
wlg_temp_key3_2=
browser_language=
psr_alias_oui_1=02:09:5B:00:00:00
wl0_mimo_preamble=
sdram_refresh=0x0000
wandevs=et0
wps_aplockdown_disable=0
psr_alias_oui_2=02:14:6C:00:00:00
wl0_wme_txp_vo=7 3 6 2 0
dhcp_domain=
wla_wep_length=0
ddns_checked=0
psr_alias_oui_3=02:18:4D:00:00:00
wl0_same_sec=1
et_txq_thresh=1024
wl_auth=2
fwpt_enable=1
psr_alias_oui_4=02:1B:2F:00:00:00
sdram_ncdl=0x00000000
GPIO_IPCAM_BUTTON=12
sb/1/rxgainerr2ga0=-4
wan_dns_sel=0
psr_alias_oui_5=02:1E:2A:00:00:00
wps_proc_mac=
lan1_domain=
sb/1/rxgainerr2ga1=-1
wl_wme_ap_vo=3 7 1 3264 1504 off off
usb_mount_signal=0
wlan_acl_mac40=
wlg_wep_length_2=0
wlg_temp_ssid_bc_2=
fw_sip_enab=1
sb/1/phycal_tempdelta=15
ezc_enable=1
pppoe_session_id=0
wlan_acl_mac41=
wl_frameburst=on
wl_bss_maxassoc=128
wan0_lease=86400
wlan_acl_mac42=
traffic_restart_day=1
wl0_radio_pwrsave_pps=10
wl0_nmode_protection=auto
wl1_ssid=NETGEAR_DF_5G_465
POT2_MTD_WR=/dev/mtd10
pppoe2_schedule_enable=0
wlan_acl_mac43=
wlg_frag=2346
pppoe_echo_interval=30
pppoe2_username=guest
wlan_acl_mac44=
qos_enable=0
wl0_acs_cs_scan_timer=0
is_modified=0
sb/1/rxgains2gelnagaina0=4
wan_ipaddr=10.20.30.17
wan2_ipaddr_old=0.0.0.0
wlan_acl_mac45=
wla_wlanstate=Enable
upnp_duration=3600
macaddr=08:02:8E:FF:75:4F
sb/1/rxgains2gelnagaina1=4
sb/1/pdgain2g=0
wlan_acl_mac46=
wl0_msglevel=0x101
wlan_acl_mac47=
wla_ssid_bc_2=1
wl0_rpcq_rxthresh=512
wl0_rts=2347
pppoe_flet_sel=fletdisable
wlan_acl_mac48=
wla_temp_secu_type_2=
wla_ssid_bc_3=1
fw_email_email_addr=
wlan_acl_mac49=
wlg_temp_auth_type_2=automatic
wla_temp_secu_type_3=
wla_ssid_bc_4=1
blk_srv_tbl=
dhcp_enable=1
wl0_dhcp_unicast=1
wl0_force_bcn_rspec=4
sb/1/devid=0x43b5
lan1_dhcp=0
lan2_wins=
wan_wins=
wla_temp_secu_type_4=
wl_ifname=
parser_passwd=Gearucp
str_tbl_default_check=1
lan2_gateway=192.168.3.1
wl_wep=
wl_nbw_cap=0
wl_ampdu_rtylimit_tid=5 5 5 5 5 5 5 5
enable_any_usb_dev=1
ipv6_enable=0
rootap_assoc=0
wl0_hw_txchain=3
os_version=9.10.178.4002
potInterval=60
qos_bw_min_0=
dlna_dmr_enable=1
wl0_rpt_broadcast1=Enable
wl_gmode_protection=auto
wsc_pin_disable=0
qos_bw_min_1=
wl0_rpt_broadcast2=Enable
lan1_wps_oob=enabled
qos_bw_min_2=
wl0_wpa_gtk_rekey=0
upnp_advert_ttl=4
wla_wds_pmp_mac=
qos_bw_min_3=1000000
qos_bw_set_sel=1
wl0_sta_retry_time=5
wan0_desc=Default Connection
new_timer_interval=43200
wl_frag=2346
fw_dmz_enab=0
pf_services_tbl=
traffic_watermark=0
wl0.1_macmode=disabled
wlg_preset_ssid=
pppoe2_schedule_config=127:0:0:23:59
wl_preauth=
wan_bpa_localport=5050
wan_mtu=1500
wl0_key=1
run_wiz=0
wl_maclist=
wps_addER=0
emf_entry=
friendly_name=VMB4000
sb/1/pa2gccka0=0xff8e,0x31ca,0xfa03
wla_passphrase=55B6BAA31C58FA339E32BE25AE332BF1EA1F09F0D0FE5A620A7EE5D650B7B7E3EBB2F385656D4DA757DC924F1D88AD6C3392E12066A6F9C9C902E1CF90D9B70200000000000000000000000000000000
wl_rifs=
sb/1/pa2gccka1=0xffa1,0x3548,0xf99f
et0phyaddr=30
console_loglevel=1
pppoe_server_mac=
static_pppoe_enable=0
BD_MTD_WR=/dev/mtd7
time_zone=1
wla_temp_passphrase_2=
wlg_defaKey_2=0
wl_bcn_rotate=1
lan1_wps_reg=enabled
wps_aplockdown_cap=1
bpa_server=login-server
rip_version=2
traffic_block_enable=0
ntp_sync_time=1521034130
wla_wep_length_2=0
wl_wps_config_state=1
usb_ftp_enable=0
pppoe2_session_id=0
wla_wep_length_3=0
qos_bw_max_0=128000
brs_lang_check_enable=1
acs_ifnames=eth1
wla_wep_length_4=0
wla_wds_ptp_sta=1
qos_bw_max_1=
x_handler_event_sink=127.0.0.1:4002
wan_ifname=eth2
wlg_temp_sec_profile_enable_2=
upnp_turn_on=1
qos_bw_max_2=
POT_MTD_WR=/dev/mtd9
pppoe2_all_service_tbl=
wl_wme_sta_be=15 1023 3 0 0 off off
qos_bw_max_3=
wan0_hwaddr=08:02:8E:FF:75:4F
GPIO_POWER_AMBER=4
wl_radioids=
inbound_policy_tbl=
sb/1/vcotune=1
landevs=et0 wl0
wan_hostname=
wlg_temp_crypto=aes
wl0_dfs_postism=60
wl0_radio=1
pppoe_tmp_passwd=
pppoe2_authtype=0
wlan_acl_mac50=
wl_corerev=
wl_nmcsidx=-1
x_agent_claim_code=6SM6Z8SDBYN9CB7RJ
wl0_mbss_setting_override=1
wl0_nbw_cap=0
sb/1/swctrlmap_5g=0x00000000,0x00000000,0x00000000,0x000000,0x000
wlan_acl_mac51=
usb_http_enable=1
pppoe_dod=1
wlan_acl_mac52=
wl_channel=0
traffic_led_enable=0
wl0_bcn=31
wlan_acl_mac53=
wps_mode=enabled
wl_wme_sta_bk=15 1023 7 0 0 off off
wlg_wds_pmp_sta=1
basic_setting=0
wl0_bss_block_multicast=1
wlan_acl_mac54=
fw_email_email_smtp=
usb_shareport=21
wps_currentband=
NVRAM2_MTD_RD=/dev/mtdblock6
et_dispatch_mode=1
wlan_acl_mac55=
wl_radio=1
wl_afterburner=off
fw_email_pid=-1
enable_gui_str_tbl=1
i2c_sda_gpio=23
wl0_hwaddr=08:02:8E:FF:75:4E
wlan_acl_mac56=
wla_temp_key1_2=
wps_wer_mode=allow
sb/1/mcsbw402gpo=0xCCA86422
lan2_netmask=255.255.255.0
pppoe2_ifname=ppp1
wlan_acl_mac57=
gui_GuestNetwork_enable=none
wl0_ampdu_rtylimit_tid=5 5 5 5 5 5 5 5
ezc_version=2
wlan_acl_mac58=
emf_enable=0
port_tr_conf=
wl0_preauth=
x_use_discovery=1
sb/1/pdoffsetcckma0=4
wlan_acl_dev10=
wlan_acl_mac59=
wl_stbc_rx=1
wl0_gmode_protection=auto
dhcpc_get_ip=0
wl0_maclist=
sb/1/pdoffset2g40ma0=2
sb/1/pdoffsetcckma1=4
wlan_acl_dev11=
bridge_http_hijack=1
sb/1/pdoffset2g40ma1=3
wlan_acl_dev12=
wla_frag=2346
wl_radio_pwrsave_quiet_time=1800
wl0_obss_coex=0
sdram_init=0x0000
lan2_domain=
wlan_acl_dev13=
wl_rts=2347
fw_dmz_ip4=2
password_question1=0
wlg_preset_passphrase=
wlan_acl_dev14=
wla_key4_2=
usb_wan_http_enable=0
traffic_warning_time=0
password_question2=0
lan_wins=
wan_desc=
wlan_acl_dev15=
wla_key4_3=
wl_ap_isolate=1
qos_bw_enable=0
acs_cs_scan_duration=250
siren_pattern=alarm
sb/1/AvVmid_c0=1,130,2,135,2,135,2,135,2,135
lan_hwnames=
pppoe2_localip=0.0.0.0
wlan_acl_dev16=
wla_key4_4=
wps_modelnum=VMB4000
fwpt_timeout=1200
lanip_setup_changed=0
wan0_hwaddr_sel=0
wl1_mrate=0
wl_country_rev=853
sb/1/pa2ga0=0xff59,0x26be,0xfaef
sb/1/AvVmid_c1=1,130,2,145,2,145,2,145,2,145
lan1_ifnames=
pppoe2_dod=0
pppoe2_server_mac=
wlan_acl_dev17=
wlg_secu_type_2=None
wl_txchain=3
rip_filter_enable=0
parser_username=Gearpar
passphrase_encrypt=1
wps_method=1
allow_registrar_config=0
wl1_country_code=E0
sb/1/pa2ga1=0xff89,0x2aa1,0xfa95
wlan_acl_dev18=
wlg_key4_2=
wl_wme_no_ack=off
bpa_debug_level=1
wan0_unit=0
ntpc_trial_period=600
wlan_acl_dev19=
ia_ui_lock=0
wlg_temp_band=5G
wl0_wps_config_state=1
wl0_radius_key=
sb/1/mcsbw202gpo=0xCCA86422
lan2_route=
wl0_wme_ap_be=15 63 3 0 0 off off
wan0_ifnames=eth2
sb/1/pdoffset2g40mvalid=0
smb_host_name=readyshare
wl0_corerev=56
wl0_nmcsidx=-1
wps_pbc_apsta=disabled
pppoe2_blk_srv_tbl=
wan2_domain=
wl_key=1
pptp_gateway=
usb_wan_ftp_pasv_port_start=30001
wl0_channel=0
pppoe_wan_dns_sel=0
wps_device_name=NTGRBS
wps_aplockdown=0
wl0_wds_timeout=1
wl0.1_bss_enabled=0
sb/1/maxp2ga0=0x6a
traffic_volume_monthly_limit=
wl0_wps_mode=enabled
sb/1/maxp2ga1=0x6a
upnp_enable=1
dhcp2_ser_status=enable
wlg_wlanstate=Enable
wlg_wmm_advert_2=1
wl_bss_enabled=1
wla_wds_mode=1
wl0_wme_ap_bk=15 1023 7 0 0 off off
wps_config_method=0x84
wl_wme_txp_be=7 3 4 2 0
str_tbl_non_en=0
wl1_nband=2
lan2_stp=1
wla_temp_allow_access_2=
wlg_ssid_bc_2=1
sta_band_cur=2.4G
wps_sta_devname=NTGRDEV
wl1_wps_mode=enr_enabled
pppoe_flet_keyword=flets
runtest=0
wla_temp_allow_access_3=
wl1_wps_config_state=1
emf_uffp_entry=
rip_dir=1
dhcp_offer_ip=10.20.30.17
pppoe2_passwd=
blank_state=0
wl_rpt_broadcast1=Enable
wlg_temp_key2_2=
wla_temp_allow_access_4=
bs_keywords_temp=
wl0_stbc_rx=1
wps_status=0
wl0.1_auth=2
lan1_hwaddr=
wlan_acl_mac60=
wla_temp_mode=145Mbps
wl_rpt_broadcast2=Enable
wl_dfs_preism=60
wl0_radio_pwrsave_quiet_time=1800
wl0_txq_thresh=1024
pre_lan_netmask=255.255.255.0
sb/1/ofdmfilttype_5gbe=127
sb/1/agbg0=0x0
sb/1/rxchain=3
wlan_acl_mac61=
wps_aplockdown_forceon=0
wl_sta_retry_time=5
qos_bw_uplink=256000
sb/1/agbg1=0x0
wlan_acl_mac62=
wl_closed=0
wl_wme_txp_bk=7 3 4 2 0
wl0_auth_mode=none
wlan_acl_mac63=
wl_tpc_db=0
wl0_radio_pwrsave_enable=0
wps_mixedmode=2
wl0_crypto=aes
boardnum=01
wlan_acl_enable=0
wlg_temp_passphrase=
ver_check_stringtable_dat=stringtable.dat
lanip_wds_setup_changed=0
wl1_wds=
NVRAM_MTD_WR=/dev/mtd1
sb/1/antswitch=0
pppoe2_mru=1454
lanip_changed=0
pppoe_localgateway=...
wl0_txchain=3
0:macaddr=08:02:8E:FF:75:4D
pppoe2_dns_server=
wlg_temp_secu_type_2=
wl_bcn=31
http_rmendip=255.255.255.255
autoBlock=0
ap_support_mode=1
wl_reg_mode=h
wl0_dispatch_mode=1
wlan_acl_dev20=
super_username=Gearguy
enable_password_recovery=0
acsd_ssid_follow=
bootflags=1
pppoe_localip=0.0.0.0
pppoe2_bs_enable_temp=0
wlan_acl_dev21=
ddns_update_time=0
gui_region2=
dpsta_policy=0
wlan_acl_dev22=
sta_list=1
wireless_as_wan=0
wlan_acl_dev23=
wla_temp_secu_type=WPA2-PSK
wlg_defaKey=0
wl_radio_pwrsave_level=0
wl_antdiv=-1
size: 26192 bytes (39344 left)
*** command status = 0
CFE> 